<?xml version="1.0" encoding="UTF-8"?>
<testsuites>
  <testsuite name="php-test" tests="1" assertions="1" failures="0" errors="0" time="0.010191">
    <testsuite name="TestClassTest" file="/home/bcrevensten/repo-dump/snapwww/tests/php/TestClassTest.php" tests="1" assertions="1" failures="0" errors="0" time="0.010191">
      <testcase name="testDemo" class="TestClassTest" file="/home/bcrevensten/repo-dump/snapwww/tests/php/TestClassTest.php" line="5" assertions="1" time="0.010191"/>
    </testsuite>
  </testsuite>
</testsuites>
